<?xml version="1.0" encoding="UTF-8"?>
<!-- Generated by org.testng.reporters.JUnitXMLReporter -->
<testsuite ignored="1" hostname="Gauravs-MacBook-Air.local" failures="0" tests="2" name="Free CRM App Test Cases" time="32.839" errors="0" timestamp="15 Jan 2022 16:38:04 GMT">
  <testcase classname="com.odoo.qa.testcases.LogInTestCase" name="logIn" time="9.351"/>
  <testcase classname="com.odoo.qa.testcases.ReceiptCreationTestCase" name="clickOnReceipt" time="1.818"/>
  <testcase classname="com.odoo.qa.testcases.LogInTestCase" name="verifyLogIn" time="0.0">
    <ignored/>
  </testcase> <!-- verifyLogIn -->
</testsuite> <!-- Free CRM App Test Cases -->
